c:\users\yuzhe\onedrive\desktop\sp2\studio_project_2\scenesp2\application\debug\vc142.pdb
c:\users\yuzhe\onedrive\desktop\sp2\studio_project_2\scenesp2\application\debug\vc142.idb
c:\users\yuzhe\onedrive\desktop\sp2\studio_project_2\scenesp2\application\debug\sceneui.obj
c:\users\yuzhe\onedrive\desktop\sp2\studio_project_2\scenesp2\application\debug\sceneobstacle.obj
c:\users\yuzhe\onedrive\desktop\sp2\studio_project_2\scenesp2\application\debug\scenemain.obj
c:\users\yuzhe\onedrive\desktop\sp2\studio_project_2\scenesp2\application\debug\mini_game_5.obj
c:\users\yuzhe\onedrive\desktop\sp2\studio_project_2\scenesp2\application\debug\mini_game_3.obj
c:\users\yuzhe\onedrive\desktop\sp2\studio_project_2\scenesp2\application\debug\mini_game_1.obj
c:\users\yuzhe\onedrive\desktop\sp2\studio_project_2\scenesp2\application\debug\meshbuilder.obj
c:\users\yuzhe\onedrive\desktop\sp2\studio_project_2\scenesp2\application\debug\mesh.obj
c:\users\yuzhe\onedrive\desktop\sp2\studio_project_2\scenesp2\application\debug\main.obj
c:\users\yuzhe\onedrive\desktop\sp2\studio_project_2\scenesp2\application\debug\camera.obj
c:\users\yuzhe\onedrive\desktop\sp2\studio_project_2\scenesp2\application\debug\loadtga.obj
c:\users\yuzhe\onedrive\desktop\sp2\studio_project_2\scenesp2\application\debug\loadobj.obj
c:\users\yuzhe\onedrive\desktop\sp2\studio_project_2\scenesp2\application\debug\qna.obj
c:\users\yuzhe\onedrive\desktop\sp2\studio_project_2\scenesp2\application\debug\game_over.obj
c:\users\yuzhe\onedrive\desktop\sp2\studio_project_2\scenesp2\application\debug\camera_obstacle.obj
c:\users\yuzhe\onedrive\desktop\sp2\studio_project_2\scenesp2\application\debug\camera_game5.obj
c:\users\yuzhe\onedrive\desktop\sp2\studio_project_2\scenesp2\application\debug\camera_game3.obj
c:\users\yuzhe\onedrive\desktop\sp2\studio_project_2\scenesp2\application\debug\camera_game1.obj
c:\users\yuzhe\onedrive\desktop\sp2\studio_project_2\scenesp2\application\debug\camera3.obj
c:\users\yuzhe\onedrive\desktop\sp2\studio_project_2\scenesp2\application\debug\application.obj
c:\users\yuzhe\onedrive\desktop\sp2\studio_project_2\scenesp2\application\debug\utility.obj
c:\users\yuzhe\onedrive\desktop\sp2\studio_project_2\scenesp2\application\debug\shader.obj
c:\users\yuzhe\onedrive\desktop\sp2\studio_project_2\scenesp2\application\debug\mini_game_2.obj
c:\users\song ze\documents\github\studio_project_2\scenesp2\debug\application.exe
c:\users\song ze\documents\github\studio_project_2\scenesp2\application\debug\application.ilk
c:\users\song ze\documents\github\studio_project_2\scenesp2\debug\application.pdb
c:\users\yuzhe\onedrive\desktop\sp2\studio_project_2\scenesp2\debug\application.pdb
c:\users\yuzhe\onedrive\desktop\sp2\studio_project_2\scenesp2\application\debug\application.tlog\cl.command.1.tlog
c:\users\yuzhe\onedrive\desktop\sp2\studio_project_2\scenesp2\application\debug\application.tlog\cl.read.1.tlog
c:\users\yuzhe\onedrive\desktop\sp2\studio_project_2\scenesp2\application\debug\application.tlog\cl.write.1.tlog
c:\users\yuzhe\onedrive\desktop\sp2\studio_project_2\scenesp2\application\debug\application.tlog\link.command.1.tlog
c:\users\yuzhe\onedrive\desktop\sp2\studio_project_2\scenesp2\application\debug\application.tlog\link.read.1.tlog
c:\users\yuzhe\onedrive\desktop\sp2\studio_project_2\scenesp2\application\debug\application.tlog\link.write.1.tlog
