  Application.cpp
C:\Users\yuzhe\source\repos\DM2122\Assignment_2\Application\Source\Application.h(5,10): fatal error C1083: Cannot open include file: 'timer.h': No such file or directory
  Camera3.cpp
C:\Users\yuzhe\source\repos\DM2122\Assignment_2\Application\Source\Camera.h(4,10): fatal error C1083: Cannot open include file: 'Vector3.h': No such file or directory
  LoadOBJ.cpp
C:\Users\yuzhe\source\repos\DM2122\Assignment_2\Application\Source\Vertex.h(4,10): fatal error C1083: Cannot open include file: 'Vector3.h': No such file or directory
  LoadTGA.cpp
C:\Users\yuzhe\source\repos\DM2122\Assignment_2\Application\Source\LoadTGA.cpp(4,10): fatal error C1083: Cannot open include file: 'GL\glew.h': No such file or directory
  SceneA2.cpp
C:\Users\yuzhe\source\repos\DM2122\Assignment_2\Application\Source\Camera.h(4,10): fatal error C1083: Cannot open include file: 'Vector3.h': No such file or directory
  Camera.cpp
C:\Users\yuzhe\source\repos\DM2122\Assignment_2\Application\Source\Camera.h(4,10): fatal error C1083: Cannot open include file: 'Vector3.h': No such file or directory
  main.cpp
C:\Users\yuzhe\source\repos\DM2122\Assignment_2\Application\Source\Application.h(5,10): fatal error C1083: Cannot open include file: 'timer.h': No such file or directory
  Mesh.cpp
C:\Users\yuzhe\source\repos\DM2122\Assignment_2\Application\Source\Vertex.h(4,10): fatal error C1083: Cannot open include file: 'Vector3.h': No such file or directory
  MeshBuilder.cpp
C:\Users\yuzhe\source\repos\DM2122\Assignment_2\Application\Source\Vertex.h(4,10): fatal error C1083: Cannot open include file: 'Vector3.h': No such file or directory
  shader.cpp
C:\Users\yuzhe\source\repos\DM2122\Assignment_2\Application\Source\shader.cpp(12,10): fatal error C1083: Cannot open include file: 'GL/glew.h': No such file or directory
  Utility.cpp
C:\Users\yuzhe\source\repos\DM2122\Assignment_2\Application\Source\Vertex.h(4,10): fatal error C1083: Cannot open include file: 'Vector3.h': No such file or directory
  Generating Code...
