c:\users\yuzhe\source\repos\dm2122\prac3\common\x64\debug\vc142.pdb
c:\users\yuzhe\source\repos\dm2122\prac3\common\x64\debug\vc142.idb
c:\users\yuzhe\source\repos\dm2122\prac3\common\x64\debug\vector3.obj
c:\users\yuzhe\source\repos\dm2122\prac3\common\x64\debug\timer.obj
c:\users\yuzhe\source\repos\dm2122\prac3\common\x64\debug\mtx44.obj
c:\users\yuzhe\source\repos\dm2122\prac3\common\x64\debug\matrixstack.obj
c:\users\yuzhe\source\repos\dm2122\assignment_1\common\x64\debug\vc142.pdb
c:\users\yuzhe\source\repos\dm2122\assignment_1\common\x64\debug\vc142.idb
c:\users\yuzhe\source\repos\dm2122\assignment_1\common\x64\debug\vector3.obj
c:\users\yuzhe\source\repos\dm2122\assignment_1\common\x64\debug\timer.obj
c:\users\yuzhe\source\repos\dm2122\assignment_1\common\x64\debug\mtx44.obj
c:\users\yuzhe\source\repos\dm2122\assignment_1\common\x64\debug\matrixstack.obj
c:\users\yuzhe\source\repos\dm2122\assignment_1\x64\debug\common.pdb
c:\users\yuzhe\source\repos\dm2122\assignment_1\common\x64\debug\common.tlog\cl.command.1.tlog
c:\users\yuzhe\source\repos\dm2122\assignment_1\common\x64\debug\common.tlog\cl.read.1.tlog
c:\users\yuzhe\source\repos\dm2122\assignment_1\common\x64\debug\common.tlog\cl.write.1.tlog
c:\users\yuzhe\source\repos\dm2122\assignment_1\common\x64\debug\common.tlog\link-cvtres.read.1.tlog
c:\users\yuzhe\source\repos\dm2122\assignment_1\common\x64\debug\common.tlog\link-cvtres.write.1.tlog
c:\users\yuzhe\source\repos\dm2122\assignment_1\common\x64\debug\common.tlog\link-rc.read.1.tlog
c:\users\yuzhe\source\repos\dm2122\assignment_1\common\x64\debug\common.tlog\link-rc.write.1.tlog
c:\users\yuzhe\source\repos\dm2122\assignment_1\common\x64\debug\common.tlog\link.command.1.tlog
c:\users\yuzhe\source\repos\dm2122\assignment_1\common\x64\debug\common.tlog\link.read.1.tlog
c:\users\yuzhe\source\repos\dm2122\assignment_1\common\x64\debug\common.tlog\link.write.1.tlog
